-------------------------------------------------------------------------------
Test set: runner.Testrunner
-------------------------------------------------------------------------------
Tests run: 18, Failures: 0, Errors: 3, Skipped: 8, Time elapsed: 20.246 s <<< FAILURE! - in runner.Testrunner
| Speaking | JavaScript |.And Adicionar a la colección del usuario Add to Your Collection  Time elapsed: 0.003 s  <<< ERROR!
java.lang.Exception: No se pudo realizar clic sobre el elemento By.xpath: //button[.='Add To Your Collection']
	at pom.BasePage.click(BasePage.java:43)
	at pom.ToolsQAPage.añadirLibroSpeaking(ToolsQAPage.java:68)
	at seleniumgluecode.Test_TootlsQA.adicionar_a_la_colección_del_usuario_Add_to_Your_Collection(Test_TootlsQA.java:48)
	at ✽.And Adicionar a la colección del usuario Add to Your Collection(ToolsQA.feature:16)

Examples: .| Speaking | JavaScript |  Time elapsed: 0.006 s  <<< ERROR!
java.lang.Exception: No se pudo realizar clic sobre el elemento By.xpath: //button[.='Add To Your Collection']
	at pom.BasePage.click(BasePage.java:43)
	at pom.ToolsQAPage.añadirLibroSpeaking(ToolsQAPage.java:68)
	at seleniumgluecode.Test_TootlsQA.adicionar_a_la_colección_del_usuario_Add_to_Your_Collection(Test_TootlsQA.java:48)
	at ✽.And Adicionar a la colección del usuario Add to Your Collection(ToolsQA.feature:16)

Examples: .| Speaking | JavaScript |  Time elapsed: 0.81 s  <<< ERROR!
java.lang.Exception: No se pudo realizar clic sobre el elemento By.xpath: //button[.='Add To Your Collection']
	at pom.BasePage.click(BasePage.java:43)
	at pom.ToolsQAPage.añadirLibroSpeaking(ToolsQAPage.java:68)
	at seleniumgluecode.Test_TootlsQA.adicionar_a_la_colección_del_usuario_Add_to_Your_Collection(Test_TootlsQA.java:48)
	at ✽.And Adicionar a la colección del usuario Add to Your Collection(ToolsQA.feature:16)

