<?xml version="1.0" encoding="UTF-8"?>
<testsuite xmlns:xsi="http://www.w3.org/2001/XMLSchema-instance" xsi:noNamespaceSchemaLocation="https://maven.apache.org/surefire/maven-surefire-plugin/xsd/surefire-test-report-3.0.xsd" version="3.0" name="runner.Testrunner" time="47.215" tests="15" errors="0" skipped="0" failures="0">
  <properties>
[...]
</properties>
  <testcase name="Given Ingresar al sitio ToolsQA" classname="| Speaking | JavaScript |" time="0.003">
    <system-out><![CDATA[Se está ejecutando el escenario #1
Fecha y hora de ejecución: 2022/07/02 21:49:56
El texto esperado es: Welcome,
El texto actual es: Welcome,
]]></system-out>
    <system-err><![CDATA[SLF4J: Failed to load class "org.slf4j.impl.StaticLoggerBinder".
SLF4J: Defaulting to no-operation (NOP) logger implementation
SLF4J: See http://www.slf4j.org/codes.html#StaticLoggerBinder for further details.
Starting ChromeDriver 101.0.4951.41 (93c720db8323b3ec10d056025ab95c23a31997c9-refs/branch-heads/4951@{#904}) on port 43219
Only local connections are allowed.
Please see https://chromedriver.chromium.org/security-considerations for suggestions on keeping ChromeDriver safe.
ChromeDriver was started successfully.
[1656816598.967][WARNING]: This version of ChromeDriver has not been tested with Chrome version 102.
jul 02, 2022 9:49:59 PM org.openqa.selenium.remote.ProtocolHandshake createSession
INFORMACIÓN: Detected dialect: W3C
]]></system-err>
  </testcase>
  <testcase name="When Escribir el usuario" classname="| Speaking | JavaScript |" time="0.001"/>
  <testcase name="And Escribir la contraseña" classname="| Speaking | JavaScript |" time="0.001"/>
  <testcase name="Then Validar la pantalla principal de ToolsQA" classname="| Speaking | JavaScript |" time="0.002"/>
  <testcase name="Given Ir a la tienda de libros Go to Book Store" classname="| Speaking | JavaScript |" time="0.001"/>
  <testcase name="And Buscar en la tienda de libros, los libros que tengan la palabra1 &quot;Speaking&quot;" classname="| Speaking | JavaScript |" time="0.004"/>
  <testcase name="When Seleccionar el libro Speaking" classname="| Speaking | JavaScript |" time="0.001"/>
  <testcase name="And Regresar a la canasta o colección Profile" classname="| Speaking | JavaScript |" time="0.001"/>
  <testcase name="And Regresar a la canasta o colección Profile" classname="| Speaking | JavaScript |" time="0.003"/>
  <testcase name="And Ir a la tienda de libros Go to Book Store" classname="| Speaking | JavaScript |" time="0.003"/>
  <testcase name="And Buscar en la tienda de libros, los libros que tengan la palabra2 &quot;JavaScript&quot;" classname="| Speaking | JavaScript |" time="0.003"/>
  <testcase name="And Seleccionar el libro Programming JavaScript Applications" classname="| Speaking | JavaScript |" time="0.004"/>
  <testcase name="Then Se deben visualizar los libros  seleccionados Speaking JavaScript y Programming JavaScript Applications" classname="| Speaking | JavaScript |" time="0">
    <system-out><![CDATA[El texto esperado es: Speaking JavaScript
El texto actual es: Speaking JavaScript
El texto esperado es: Programming JavaScript Applications
El texto actual es: Programming JavaScript Applications
]]></system-out>
  </testcase>
  <testcase name="And Eliminar de la canasta o coleccion Speaking JavaScript" classname="| Speaking | JavaScript |" time="0.001"/>
  <testcase name="Then Salir del sitio Log out" classname="| Speaking | JavaScript |" time="0"/>
</testsuite>